{
  "RSpec": {
    "coverage": {
      "/home/alex/bookstore/spec/controllers/books_controller_spec.rb": [
        null,
        null,
        1,
        1,
        7,
        2,
        2,
        7,
        null,
        1,
        1,
        1,
        null,
        null,
        1,
        1,
        null,
        null,
        1,
        1,
        null,
        null,
        1,
        1,
        null,
        null,
        1,
        1,
        null,
        null,
        1,
        1,
        null,
        null,
        null,
        1,
        5,
        2,
        5,
        null,
        1,
        1,
        null,
        null,
        1,
        1,
        null,
        null,
        1,
        1,
        null,
        null,
        1,
        1,
        null,
        null,
        null
      ],
      "/home/alex/bookstore/app/controllers/books_controller.rb": [
        null,
        null,
        1,
        1,
        45,
        45,
        45,
        null,
        null,
        1,
        32,
        32,
        32,
        null,
        null
      ],
      "/home/alex/bookstore/spec/controllers/carts_controller_spec.rb": [
        null,
        null,
        1,
        1,
        8,
        8,
        1,
        7,
        7,
        null,
        null,
        1,
        1,
        null,
        null,
        1,
        1,
        null,
        null,
        1,
        1,
        null,
        null,
        1,
        1,
        1,
        null,
        null,
        1,
        3,
        1,
        2,
        2,
        null,
        null,
        1,
        1,
        1,
        1,
        null,
        null,
        1,
        1,
        null,
        null,
        null,
        1,
        1,
        null,
        null,
        null,
        1,
        1,
        1,
        1,
        null,
        null,
        null
      ],
      "/home/alex/bookstore/app/controllers/carts_controller.rb": [
        null,
        null,
        1,
        1,
        10,
        10,
        null,
        null
      ],
      "/home/alex/bookstore/spec/controllers/checkouts_controller_spec.rb": [
        null,
        null,
        1,
        26,
        26,
        1,
        40,
        40,
        40,
        40,
        null,
        null,
        1,
        26,
        null,
        2,
        2,
        1,
        1,
        null,
        1,
        1,
        null,
        1,
        1,
        null,
        1,
        1,
        null,
        1,
        1,
        null,
        1,
        1,
        null,
        null,
        1,
        1,
        1,
        null,
        null,
        1,
        1,
        2,
        2,
        2,
        2,
        null,
        2,
        2,
        null,
        null,
        1,
        4,
        4,
        4,
        null,
        4,
        4,
        null,
        4,
        4,
        null,
        null,
        null,
        null,
        null,
        1,
        16,
        16,
        1,
        15,
        15,
        15,
        15,
        null,
        null,
        1,
        3,
        3,
        3,
        9,
        null,
        3,
        null,
        null,
        null,
        3,
        null,
        3,
        null,
        null,
        6,
        6,
        6,
        null,
        null,
        3,
        3,
        6,
        null,
        2,
        2,
        2,
        2,
        null,
        null,
        null,
        2,
        2,
        2,
        null,
        2,
        2,
        2,
        null,
        null,
        6,
        6,
        null,
        null,
        null,
        null,
        null
      ],
      "/home/alex/bookstore/app/controllers/checkouts_controller.rb": [
        null,
        null,
        1,
        1,
        1,
        null,
        1,
        1,
        null,
        1,
        null,
        1,
        138,
        138,
        138,
        65,
        null,
        null,
        1,
        19,
        9,
        9,
        null,
        null,
        1,
        null,
        1,
        157,
        157,
        null,
        null
      ],
      "/home/alex/bookstore/spec/controllers/home_controller_spec.rb": [
        null,
        null,
        1,
        1,
        8,
        null,
        1,
        1,
        null,
        null,
        1,
        1,
        null,
        null,
        1,
        1,
        null,
        null,
        1,
        1,
        null,
        null,
        1,
        1,
        null,
        null,
        1,
        1,
        null,
        null,
        1,
        1,
        null,
        null,
        null
      ],
      "/home/alex/bookstore/app/controllers/home_controller.rb": [
        null,
        null,
        1,
        1,
        46,
        46,
        null,
        null
      ],
      "/home/alex/bookstore/spec/controllers/order_items_controller_spec.rb": [
        null,
        null,
        1,
        1,
        9,
        9,
        9,
        2,
        1,
        8,
        8,
        null,
        null,
        2,
        2,
        2,
        null,
        1,
        1,
        null,
        null,
        1,
        1,
        null,
        null,
        1,
        1,
        null,
        null,
        1,
        1,
        null,
        null,
        1,
        1,
        null,
        null,
        null,
        1,
        6,
        6,
        6,
        2,
        1,
        5,
        5,
        null,
        null,
        2,
        null,
        1,
        1,
        null,
        null,
        1,
        1,
        null,
        null,
        1,
        1,
        1,
        1,
        null,
        null,
        1,
        1,
        null,
        null,
        null,
        1,
        5,
        5,
        5,
        1,
        1,
        4,
        4,
        null,
        null,
        2,
        null,
        1,
        1,
        null,
        null,
        1,
        1,
        null,
        null,
        1,
        1,
        null,
        null,
        null
      ],
      "/home/alex/bookstore/app/controllers/order_items_controller.rb": [
        null,
        null,
        1,
        1,
        null,
        1,
        13,
        5,
        5,
        null,
        13,
        null,
        null,
        1,
        null,
        1,
        null,
        1,
        null,
        1,
        25,
        null,
        null
      ],
      "/home/alex/bookstore/spec/controllers/orders_controller_spec.rb": [
        null,
        null,
        1,
        1,
        6,
        2,
        6,
        6,
        null,
        1,
        1,
        1,
        null,
        null,
        1,
        1,
        null,
        null,
        1,
        1,
        null,
        null,
        1,
        1,
        null,
        null,
        1,
        1,
        null,
        null,
        null,
        1,
        5,
        5,
        5,
        null,
        1,
        1,
        null,
        null,
        1,
        1,
        null,
        null,
        1,
        1,
        null,
        null,
        1,
        1,
        null,
        null,
        null
      ],
      "/home/alex/bookstore/app/controllers/orders_controller.rb": [
        null,
        null,
        1,
        1,
        1,
        null,
        1,
        25,
        null,
        null,
        1,
        24,
        null,
        null
      ],
      "/home/alex/bookstore/spec/controllers/registrations_controller_spec.rb": [
        null,
        null,
        1,
        1,
        7,
        null,
        null,
        1,
        2,
        null,
        1,
        1,
        1,
        1,
        1,
        1,
        1,
        null,
        null,
        2,
        null,
        null,
        1,
        1,
        1,
        1,
        null,
        null,
        1,
        1,
        1,
        1,
        1,
        1,
        1,
        null,
        null,
        1,
        4,
        1,
        1,
        null,
        null,
        null,
        null,
        4,
        null,
        1,
        1,
        1,
        1,
        null,
        null,
        1,
        1,
        2,
        2,
        2,
        null,
        null,
        null,
        1,
        1,
        null,
        null,
        null,
        null
      ],
      "/home/alex/bookstore/app/controllers/registrations_controller.rb": [
        null,
        null,
        1,
        1,
        null,
        1,
        4,
        3,
        3,
        2,
        1,
        1,
        null,
        null,
        1,
        11,
        8,
        4,
        4,
        null,
        null,
        1,
        null,
        1,
        4,
        null,
        null,
        1,
        8,
        null,
        null,
        1,
        31,
        null,
        null,
        1,
        3,
        null,
        null,
        1,
        42,
        null,
        null,
        null,
        1,
        3,
        1,
        null,
        null,
        1,
        2,
        null,
        null
      ],
      "/home/alex/bookstore/spec/controllers/reviews_controller_spec.rb": [
        null,
        null,
        1,
        1,
        14,
        14,
        14,
        1,
        13,
        13,
        null,
        null,
        2,
        null,
        1,
        1,
        null,
        null,
        1,
        1,
        null,
        null,
        1,
        1,
        null,
        null,
        1,
        1,
        null,
        null,
        2,
        null,
        1,
        1,
        null,
        null,
        null,
        1,
        1,
        null,
        null,
        1,
        6,
        null,
        1,
        1,
        null,
        null,
        1,
        1,
        null,
        null,
        1,
        1,
        null,
        null,
        1,
        1,
        null,
        null,
        2,
        null,
        null,
        null
      ],
      "/home/alex/bookstore/app/controllers/reviews_controller.rb": [
        null,
        null,
        1,
        1,
        1,
        null,
        1,
        22,
        22,
        7,
        7,
        null,
        null,
        1,
        null,
        1,
        7,
        7,
        7,
        null,
        null,
        1,
        38,
        null,
        null
      ],
      "/home/alex/bookstore/spec/decorators/address_decorator_spec.rb": [
        null,
        null,
        1,
        1,
        1,
        1,
        1,
        null,
        null,
        1,
        1,
        null,
        null,
        null
      ],
      "/home/alex/bookstore/app/decorators/address_decorator.rb": [
        null,
        null,
        1,
        1,
        null,
        1,
        123,
        null,
        null
      ],
      "/home/alex/bookstore/spec/decorators/book_decorator_spec.rb": [
        null,
        null,
        1,
        4,
        4,
        null,
        1,
        1,
        1,
        null,
        null,
        1,
        1,
        null,
        1,
        null,
        null,
        null,
        1,
        1,
        1,
        null,
        null,
        null,
        1,
        2,
        1,
        5,
        1,
        null,
        null,
        null
      ],
      "/home/alex/bookstore/app/decorators/book_decorator.rb": [
        null,
        null,
        1,
        1,
        null,
        1,
        159,
        null,
        null,
        1,
        1956,
        1,
        null,
        1955,
        null,
        null,
        null,
        1,
        615,
        null,
        null,
        1,
        210,
        null,
        null
      ],
      "/home/alex/bookstore/spec/decorators/order_decorator_spec.rb": [
        null,
        null,
        1,
        9,
        null,
        1,
        1,
        1,
        null,
        null,
        null,
        1,
        1,
        1,
        null,
        null,
        null,
        1,
        1,
        1,
        1,
        null,
        null,
        null,
        1,
        1,
        1,
        null,
        null,
        null,
        1,
        1,
        1,
        null,
        null,
        null,
        1,
        1,
        1,
        null,
        null,
        null,
        1,
        1,
        1,
        null,
        null,
        1,
        1,
        1,
        null,
        null,
        null
      ],
      "/home/alex/bookstore/app/decorators/order_decorator.rb": [
        null,
        null,
        1,
        1,
        1,
        null,
        1,
        474,
        null,
        null,
        1,
        90,
        null,
        null,
        1,
        183,
        183,
        null,
        null,
        1,
        472,
        null,
        null,
        1,
        264,
        null,
        null,
        1,
        75,
        null,
        null,
        1,
        12,
        11,
        null,
        null
      ],
      "/home/alex/bookstore/spec/decorators/order_item_decorator_spec.rb": [
        null,
        null,
        1,
        7,
        7,
        7,
        7,
        7,
        null,
        1,
        1,
        1,
        null,
        null,
        null,
        1,
        1,
        1,
        1,
        null,
        null,
        null,
        1,
        1,
        1,
        null,
        null,
        null,
        1,
        1,
        1,
        1,
        null,
        null,
        null,
        1,
        1,
        1,
        1,
        null,
        null,
        null,
        1,
        1,
        1,
        null,
        null,
        null
      ],
      "/home/alex/bookstore/app/decorators/order_item_decorator.rb": [
        null,
        null,
        1,
        1,
        null,
        1,
        79,
        79,
        null,
        null,
        1,
        542,
        null,
        null,
        1,
        63,
        null,
        null,
        1,
        126,
        null,
        null,
        1,
        126,
        118,
        null,
        null,
        1,
        9,
        null,
        null,
        1,
        159,
        144,
        null,
        null
      ],
      "/home/alex/bookstore/app/models/order_item.rb": [
        null,
        null,
        1,
        1,
        1,
        null,
        1,
        1,
        null,
        90,
        null
      ],
      "/home/alex/bookstore/spec/decorators/review_decorator_spec.rb": [
        null,
        null,
        1,
        10,
        2,
        null,
        1,
        1,
        1,
        null,
        null,
        null,
        1,
        1,
        1,
        null,
        null,
        1,
        1,
        1,
        1,
        null,
        null,
        null,
        1,
        1,
        1,
        null,
        null,
        null,
        1,
        1,
        6,
        6,
        null,
        null,
        null,
        1,
        5,
        5,
        5,
        null,
        null,
        null,
        null
      ],
      "/home/alex/bookstore/app/decorators/review_decorator.rb": [
        null,
        null,
        1,
        1,
        1,
        null,
        1,
        1,
        null,
        null,
        1,
        124,
        null,
        null,
        1,
        63,
        null,
        null,
        1,
        31,
        15,
        null,
        null,
        1,
        null,
        1,
        123,
        123,
        null,
        null,
        1,
        247,
        1,
        null,
        null
      ],
      "/home/alex/bookstore/spec/features/book_spec.rb": [
        null,
        null,
        1,
        19,
        1,
        18,
        null,
        null,
        1,
        1,
        null,
        1,
        7,
        null,
        1,
        null,
        null,
        1,
        1,
        1,
        null,
        null,
        1,
        1,
        1,
        1,
        null,
        null,
        1,
        1,
        1,
        null,
        null,
        1,
        1,
        1,
        1,
        null,
        null,
        2,
        null,
        null,
        1,
        3,
        null,
        1,
        1,
        null,
        null,
        1,
        1,
        2,
        10,
        null,
        null,
        null,
        null,
        2,
        null,
        1,
        1,
        null,
        null,
        1,
        2,
        2,
        null,
        null,
        null,
        2,
        2,
        2,
        null,
        null,
        1,
        4,
        1,
        3,
        3,
        null,
        null,
        1,
        1,
        1,
        1,
        null,
        1,
        1,
        1,
        1,
        null,
        null,
        1,
        2,
        1,
        1,
        1,
        null,
        null,
        1,
        1,
        1,
        1,
        null,
        1,
        1,
        null,
        null,
        null
      ],
      "/home/alex/bookstore/spec/features/books_spec.rb": [
        null,
        null,
        1,
        15,
        4,
        1,
        14,
        14,
        null,
        null,
        1,
        1,
        1,
        48,
        12,
        null,
        null,
        null,
        1,
        1,
        null,
        null,
        1,
        1,
        1,
        null,
        null,
        1,
        1,
        1,
        null,
        null,
        1,
        1,
        1,
        null,
        null,
        1,
        1,
        4,
        null,
        null,
        null,
        1,
        1,
        null,
        null,
        null,
        1,
        8,
        1,
        7,
        null,
        null,
        1,
        1,
        null,
        null,
        1,
        6,
        6,
        6,
        null,
        null,
        null,
        null
      ],
      "/home/alex/bookstore/spec/features/cart_spec.rb": [
        null,
        null,
        1,
        1,
        1,
        3,
        null,
        null,
        2,
        null,
        1,
        1,
        null,
        null,
        1,
        1,
        1,
        null,
        null,
        null,
        1,
        14,
        14,
        2,
        1,
        13,
        13,
        null,
        null,
        null,
        1,
        10,
        null,
        null,
        1,
        1,
        1,
        1,
        null,
        1,
        1,
        1,
        null,
        null,
        1,
        1,
        1,
        null,
        null,
        1,
        1,
        null,
        4,
        12,
        12,
        null,
        null,
        null,
        null,
        1,
        1,
        1,
        1,
        null,
        null,
        1,
        1,
        null,
        null,
        1,
        1,
        2,
        1,
        1,
        1,
        1,
        1,
        null,
        null,
        1,
        1,
        1,
        1,
        1,
        1,
        null,
        null,
        1,
        1,
        1,
        1,
        1,
        1,
        null,
        null,
        null
      ],
      "/home/alex/bookstore/spec/features/checkouts_spec.rb": [
        null,
        null,
        1,
        44,
        1,
        43,
        null,
        null,
        1,
        3,
        3,
        null,
        1,
        1,
        1,
        1,
        1,
        1,
        1,
        1,
        1,
        null,
        1,
        1,
        1,
        null,
        null,
        1,
        null,
        null,
        1,
        6,
        null,
        null,
        null,
        null,
        1,
        3,
        1,
        2,
        2,
        2,
        null,
        null,
        1,
        1,
        1,
        1,
        null,
        null,
        1,
        1,
        4,
        12,
        null,
        null,
        null,
        null,
        null,
        1,
        1,
        1,
        1,
        1,
        1,
        null,
        null,
        1,
        1,
        1,
        1,
        1,
        1,
        1,
        null,
        null,
        null,
        1,
        28,
        1,
        38,
        38,
        null,
        null,
        1,
        1,
        1,
        null,
        null,
        1,
        12,
        12,
        null,
        1,
        4,
        null,
        1,
        4,
        null,
        null,
        null,
        1,
        8,
        null,
        null,
        1,
        1,
        null,
        4,
        12,
        12,
        null,
        null,
        null,
        null,
        1,
        1,
        1,
        null,
        null,
        1,
        1,
        1,
        null,
        1,
        1,
        1,
        null,
        null,
        1,
        1,
        1,
        1,
        null,
        null,
        1,
        null,
        null,
        null,
        1,
        8,
        null,
        null,
        null,
        1,
        12,
        1,
        11,
        11,
        null,
        null,
        1,
        1,
        1,
        null,
        null,
        1,
        12,
        null,
        null,
        1,
        null,
        1,
        4,
        null,
        null,
        null,
        1,
        1,
        null,
        4,
        12,
        12,
        null,
        null,
        null,
        null,
        1,
        1,
        1,
        1,
        null,
        null,
        1,
        null,
        null,
        null,
        1,
        8,
        null,
        null,
        null,
        null,
        null
      ],
      "/home/alex/bookstore/spec/features/home_spec.rb": [
        null,
        null,
        1,
        28,
        2,
        3,
        1,
        27,
        null,
        null,
        1,
        null,
        1,
        4,
        8,
        4,
        null,
        null,
        null,
        1,
        2,
        1,
        null,
        null,
        1,
        2,
        2,
        16,
        8,
        null,
        null,
        null,
        null,
        1,
        1,
        1,
        null,
        null,
        1,
        1,
        1,
        null,
        null,
        1,
        1,
        1,
        null,
        null,
        1,
        1,
        1,
        null,
        null,
        null,
        1,
        1,
        4,
        4,
        null,
        null,
        null,
        null,
        1,
        5,
        1,
        4,
        4,
        null,
        null,
        null,
        1,
        3,
        3,
        3,
        null,
        null,
        null,
        1,
        null,
        1,
        6,
        3,
        null,
        null,
        null,
        null,
        1,
        1,
        1,
        2,
        null,
        null,
        null,
        1,
        1,
        9,
        3,
        null,
        null,
        null,
        1,
        1,
        16,
        4,
        null,
        null,
        null,
        2,
        2,
        null,
        null,
        1,
        2,
        1,
        1,
        1,
        null,
        2,
        null,
        null,
        1,
        1,
        1,
        1,
        1,
        1,
        null,
        1,
        1,
        null,
        null,
        1,
        1,
        1,
        1,
        1,
        1,
        null,
        1,
        1,
        1,
        null,
        null
      ],
      "/home/alex/bookstore/spec/features/order_spec.rb": [
        null,
        null,
        1,
        20,
        1,
        19,
        19,
        null,
        null,
        1,
        2,
        null,
        null,
        2,
        12,
        null,
        null,
        null,
        null,
        1,
        1,
        2,
        null,
        null,
        null,
        1,
        1,
        2,
        null,
        null,
        null,
        1,
        1,
        null,
        null,
        null,
        null,
        1,
        8,
        8,
        null,
        null,
        null,
        1,
        1,
        null,
        null,
        1,
        1,
        null,
        null,
        1,
        1,
        null,
        null,
        1,
        1,
        null,
        null,
        1,
        1,
        null,
        4,
        16,
        16,
        null,
        null,
        null,
        null,
        1,
        2,
        1,
        null,
        null
      ],
      "/home/alex/bookstore/spec/features/orders_spec.rb": [
        null,
        null,
        1,
        13,
        13,
        2,
        1,
        12,
        60,
        60,
        null,
        12,
        12,
        null,
        null,
        2,
        null,
        1,
        4,
        4,
        null,
        null,
        null,
        1,
        1,
        null,
        5,
        20,
        null,
        null,
        null,
        null,
        1,
        2,
        1,
        null,
        null,
        1,
        5,
        5,
        5,
        null,
        null,
        null
      ],
      "/home/alex/bookstore/spec/features/settings_spec.rb": [
        null,
        null,
        1,
        19,
        19,
        1,
        18,
        18,
        null,
        null,
        1,
        2,
        2,
        null,
        null,
        null,
        1,
        6,
        null,
        null,
        1,
        1,
        2,
        2,
        2,
        2,
        2,
        2,
        2,
        2,
        2,
        2,
        null,
        2,
        null,
        null,
        2,
        4,
        2,
        2,
        null,
        null,
        null,
        null,
        1,
        1,
        9,
        null,
        null,
        1,
        6,
        null,
        null,
        2,
        null,
        1,
        1,
        1,
        1,
        1,
        null,
        1,
        1,
        1,
        null,
        null,
        1,
        1,
        null,
        null,
        1,
        1,
        1,
        1,
        null,
        1,
        1,
        1,
        1,
        1,
        1,
        null,
        null,
        1,
        1,
        1,
        1,
        1,
        1,
        null,
        1,
        null,
        null,
        1,
        2,
        1,
        null,
        null,
        null
      ],
      "/home/alex/bookstore/spec/helpers/address_helper_spec.rb": [
        null,
        null,
        1,
        17,
        3,
        null,
        1,
        1,
        7,
        7,
        null,
        null,
        null,
        null,
        1,
        1,
        7,
        7,
        null,
        null,
        null,
        null,
        1,
        1,
        1,
        2,
        2,
        null,
        1,
        1,
        null,
        null,
        1,
        1,
        null,
        null,
        null,
        1,
        1,
        2,
        2,
        2,
        null,
        1,
        1,
        null,
        null,
        1,
        1,
        null,
        null,
        null,
        null
      ],
      "/home/alex/bookstore/spec/helpers/checkouts_helper_spec.rb": [
        null,
        null,
        1,
        10,
        null,
        1,
        5,
        1,
        4,
        4,
        null,
        null,
        null,
        null,
        1,
        5,
        1,
        4,
        4,
        null,
        null,
        null,
        null,
        1,
        2,
        1,
        1,
        null,
        null,
        null
      ],
      "/home/alex/bookstore/spec/helpers/order_helper_spec.rb": [
        null,
        null,
        1,
        3,
        null,
        1,
        1,
        1,
        null,
        null,
        1,
        1,
        1,
        null,
        null,
        1,
        5,
        5,
        5,
        null,
        null,
        null,
        null,
        1,
        6,
        null,
        1,
        1,
        1,
        null,
        null,
        1,
        5,
        5,
        null,
        null,
        null,
        null,
        1,
        1,
        1,
        null,
        1,
        1,
        1,
        null,
        null,
        null
      ],
      "/home/alex/bookstore/spec/mailers/order_mailer_spec.rb": [
        null,
        null,
        1,
        1,
        3,
        3,
        3,
        null,
        1,
        1,
        1,
        1,
        null,
        null,
        1,
        null,
        null,
        1,
        3,
        null,
        null,
        null,
        null
      ],
      "/home/alex/bookstore/app/mailers/order_mailer.rb": [
        null,
        null,
        1,
        1,
        null,
        1,
        4,
        4,
        4,
        null,
        null
      ],
      "/home/alex/bookstore/app/mailers/application_mailer.rb": [
        null,
        null,
        1,
        1,
        1,
        null
      ],
      "/home/alex/bookstore/spec/mailers/quik_register_mailer_spec.rb": [
        null,
        null,
        1,
        1,
        3,
        3,
        null,
        1,
        1,
        1,
        1,
        null,
        null,
        1,
        null,
        null,
        1,
        3,
        null,
        null,
        null,
        null
      ],
      "/home/alex/bookstore/app/mailers/quik_register_mailer.rb": [
        null,
        null,
        1,
        1,
        null,
        1,
        8,
        8,
        null,
        null
      ],
      "/home/alex/bookstore/spec/models/address_spec.rb": [
        null,
        null,
        1,
        1,
        2,
        2,
        2,
        2,
        2,
        2,
        2,
        null,
        null,
        1,
        2,
        2,
        null,
        null,
        1,
        1,
        12,
        null,
        1,
        8,
        null,
        null,
        null
      ],
      "/home/alex/bookstore/spec/models/author_book_spec.rb": [
        null,
        null,
        1,
        1,
        2,
        2,
        null,
        null,
        1,
        2,
        2,
        null,
        null
      ],
      "/home/alex/bookstore/app/models/author_book.rb": [
        null,
        null,
        1,
        1,
        1,
        null
      ],
      "/home/alex/bookstore/spec/models/author_spec.rb": [
        null,
        null,
        1,
        1,
        2,
        2,
        2,
        null,
        null,
        1,
        2,
        2,
        null,
        null,
        1,
        1,
        4,
        null,
        null,
        null
      ],
      "/home/alex/bookstore/spec/models/book_category_spec.rb": [
        null,
        null,
        1,
        1,
        2,
        2,
        null,
        null,
        1,
        2,
        2,
        null,
        null
      ],
      "/home/alex/bookstore/app/models/book_category.rb": [
        null,
        null,
        1,
        1,
        1,
        null
      ],
      "/home/alex/bookstore/spec/models/book_spec.rb": [
        null,
        null,
        1,
        1,
        2,
        2,
        2,
        2,
        2,
        2,
        2,
        2,
        null,
        null,
        1,
        2,
        2,
        2,
        2,
        2,
        2,
        null,
        null,
        1,
        1,
        8,
        null,
        1,
        8,
        null,
        2,
        2,
        null,
        null,
        1,
        1,
        1,
        null,
        1,
        null,
        null,
        null
      ],
      "/home/alex/bookstore/spec/models/category_spec.rb": [
        null,
        null,
        1,
        1,
        2,
        null,
        null,
        1,
        2,
        2,
        null,
        null,
        1,
        2,
        null,
        null
      ],
      "/home/alex/bookstore/spec/models/country_spec.rb": [
        null,
        null,
        1,
        1,
        2,
        2,
        null,
        null,
        1,
        2,
        null,
        null
      ],
      "/home/alex/bookstore/app/models/country.rb": [
        null,
        null,
        1,
        1,
        null
      ],
      "/home/alex/bookstore/spec/models/coupon_spec.rb": [
        null,
        null,
        1,
        1,
        2,
        2,
        null,
        null,
        1,
        2,
        null,
        null,
        1,
        2,
        2,
        null,
        null
      ],
      "/home/alex/bookstore/spec/models/credit_card_spec.rb": [
        null,
        null,
        1,
        1,
        2,
        2,
        2,
        2,
        null,
        null,
        1,
        2,
        null,
        null,
        1,
        2,
        2,
        2,
        2,
        null,
        null
      ],
      "/home/alex/bookstore/app/models/credit_card.rb": [
        null,
        null,
        1,
        1,
        1,
        null,
        1,
        null,
        1,
        1,
        1,
        null
      ],
      "/home/alex/bookstore/spec/models/delivery_spec.rb": [
        null,
        null,
        1,
        1,
        2,
        2,
        2,
        null,
        null,
        1,
        2,
        null,
        null,
        1,
        2,
        2,
        1,
        1,
        null,
        null,
        null,
        null
      ],
      "/home/alex/bookstore/spec/models/order_item_spec.rb": [
        null,
        null,
        1,
        1,
        2,
        2,
        2,
        2,
        2,
        null,
        null,
        1,
        2,
        2,
        null,
        null,
        1,
        2,
        2,
        2,
        null,
        null
      ],
      "/home/alex/bookstore/spec/models/order_spec.rb": [
        null,
        null,
        1,
        1,
        2,
        2,
        2,
        2,
        2,
        2,
        null,
        null,
        1,
        1,
        1,
        null,
        null,
        2,
        2,
        2,
        2,
        2,
        2,
        2,
        2,
        null,
        null,
        1,
        2,
        2,
        null,
        null
      ],
      "/home/alex/bookstore/spec/models/review_spec.rb": [
        null,
        null,
        1,
        1,
        2,
        2,
        2,
        2,
        2,
        2,
        null,
        null,
        1,
        2,
        2,
        2,
        2,
        null,
        null,
        1,
        1,
        1,
        null,
        null,
        null,
        2,
        2,
        2,
        2,
        null,
        null
      ],
      "/home/alex/bookstore/spec/models/user_spec.rb": [
        null,
        null,
        1,
        1,
        2,
        2,
        2,
        2,
        2,
        2,
        null,
        null,
        1,
        2,
        2,
        2,
        2,
        null,
        null,
        1,
        2,
        2,
        2,
        2,
        null,
        null,
        1,
        1,
        1,
        null,
        1,
        null,
        null,
        null
      ],
      "/home/alex/bookstore/spec/services/address_service_spec.rb": [
        null,
        null,
        1,
        17,
        9,
        13,
        1,
        12,
        null,
        null,
        null,
        null,
        null,
        null,
        null,
        null,
        null,
        null,
        1,
        2,
        2,
        null,
        null,
        2,
        2,
        null,
        null,
        2,
        2,
        null,
        null,
        2,
        2,
        null,
        null,
        2,
        2,
        2,
        14,
        null,
        null,
        null,
        2,
        2,
        2,
        14,
        null,
        null,
        null,
        2,
        2,
        2,
        null,
        null,
        2,
        2,
        2,
        null,
        null,
        null
      ],
      "/home/alex/bookstore/app/services/address_service.rb": [
        null,
        null,
        1,
        1,
        null,
        1,
        40,
        40,
        40,
        null,
        null,
        1,
        40,
        40,
        null,
        null,
        1,
        null,
        1,
        6,
        null,
        null,
        1,
        34,
        null,
        null,
        1,
        74,
        18,
        16,
        null,
        null,
        null,
        1,
        46,
        null,
        null
      ],
      "/home/alex/bookstore/spec/services/book_filter_services_spec.rb": [
        null,
        null,
        1,
        9,
        null,
        1,
        1,
        4,
        20,
        null,
        null,
        null,
        null,
        1,
        1,
        4,
        4,
        null,
        null,
        null,
        1,
        3,
        3,
        3,
        3,
        null,
        null,
        null,
        1,
        null,
        1,
        3,
        3,
        3,
        null,
        null,
        null,
        null
      ],
      "/home/alex/bookstore/app/services/book_filter_services.rb": [
        null,
        null,
        1,
        1,
        null,
        1,
        63,
        null,
        null,
        1,
        60,
        60,
        null,
        null,
        1,
        41,
        null,
        null,
        1,
        null,
        1,
        60,
        60,
        36,
        null,
        null,
        null,
        1,
        96,
        null,
        null,
        1,
        101,
        77,
        null,
        null
      ],
      "/home/alex/bookstore/spec/services/checkout_service_spec.rb": [
        null,
        null,
        1,
        18,
        17,
        null,
        1,
        1,
        4,
        null,
        null,
        null,
        null,
        null,
        1,
        3,
        1,
        1,
        null,
        1,
        1,
        1,
        null,
        null,
        1,
        1,
        2,
        2,
        2,
        null,
        1,
        1,
        null,
        1,
        1,
        1,
        null,
        null,
        null,
        null,
        1,
        5,
        5,
        null,
        1,
        3,
        1,
        1,
        null,
        1,
        1,
        null,
        null,
        1,
        1,
        2,
        2,
        null,
        1,
        1,
        null,
        1,
        1,
        null,
        null,
        null,
        null,
        1,
        5,
        null,
        1,
        3,
        1,
        1,
        null,
        1,
        1,
        null,
        null,
        null,
        1,
        1,
        2,
        2,
        null,
        1,
        1,
        null,
        1,
        1,
        null,
        null,
        null,
        null,
        1,
        2,
        null,
        1,
        1,
        null,
        null,
        null,
        1,
        1,
        1,
        1,
        null,
        null,
        1,
        1,
        1,
        null,
        null,
        null,
        1,
        1,
        1,
        1,
        null,
        null,
        1,
        1,
        1,
        null,
        null,
        null
      ],
      "/home/alex/bookstore/app/services/checkout_service.rb": [
        null,
        null,
        1,
        1,
        null,
        1,
        36,
        36,
        36,
        36,
        null,
        null,
        1,
        32,
        null,
        null,
        1,
        null,
        1,
        10,
        10,
        10,
        null,
        null,
        1,
        10,
        10,
        null,
        null,
        1,
        10,
        8,
        null,
        null,
        1,
        2,
        2,
        2,
        null,
        null,
        1,
        12,
        null,
        null,
        1,
        20,
        null,
        null,
        1,
        10,
        10,
        10,
        null,
        null,
        1,
        14,
        null,
        null
      ],
      "/home/alex/bookstore/spec/services/create_order_service_spec.rb": [
        null,
        null,
        1,
        1,
        3,
        3,
        null,
        1,
        1,
        null,
        null,
        1,
        1,
        null,
        null,
        null,
        1,
        5,
        null,
        1,
        1,
        null,
        null,
        1,
        1,
        null,
        null,
        1,
        1,
        null,
        null,
        1,
        1,
        null,
        null,
        null
      ],
      "/home/alex/bookstore/app/services/create_order_service.rb": [
        null,
        null,
        1,
        1,
        19,
        null,
        null,
        1,
        19,
        null,
        null,
        1,
        null,
        1,
        19,
        19,
        null,
        null,
        1,
        171,
        null,
        null
      ],
      "/home/alex/bookstore/spec/services/errors_service_spec.rb": [
        null,
        null,
        1,
        5,
        null,
        1,
        1,
        1,
        1,
        null,
        1,
        1,
        1,
        1,
        null,
        1,
        1,
        null,
        null,
        null,
        1,
        1,
        1,
        null,
        null,
        null,
        1,
        1,
        1,
        1,
        null,
        null,
        null,
        1,
        1,
        1,
        null,
        null,
        null
      ],
      "/home/alex/bookstore/app/services/errors_service.rb": [
        null,
        null,
        1,
        1,
        null,
        1,
        16,
        16,
        null,
        null,
        1,
        16,
        null,
        null,
        1,
        null,
        1,
        5,
        5,
        5,
        null,
        null,
        1,
        5,
        null,
        null,
        1,
        5,
        null,
        null,
        1,
        1,
        null,
        null
      ],
      "/home/alex/bookstore/spec/services/filter_checkouts_service_spec.rb": [
        null,
        null,
        1,
        12,
        10,
        6,
        null,
        1,
        1,
        1,
        6,
        5,
        null,
        null,
        1,
        1,
        null,
        null,
        null,
        1,
        1,
        1,
        6,
        5,
        null,
        null,
        1,
        1,
        null,
        null,
        null,
        1,
        1,
        2,
        2,
        null,
        2,
        2,
        null,
        1,
        1,
        6,
        5,
        null,
        null,
        1,
        1,
        null,
        null,
        null,
        1,
        1,
        2,
        2,
        null,
        1,
        1,
        6,
        5,
        null,
        null,
        1,
        1,
        null,
        null,
        null,
        1,
        1,
        3,
        3,
        null,
        1,
        1,
        4,
        null,
        null,
        1,
        1,
        null,
        1,
        1,
        1,
        null,
        null,
        null,
        1,
        3,
        3,
        3,
        null,
        1,
        1,
        null,
        null,
        1,
        1,
        null,
        null,
        null
      ],
      "/home/alex/bookstore/app/services/filter_checkouts_service.rb": [
        null,
        null,
        1,
        1,
        null,
        1,
        170,
        170,
        170,
        170,
        null,
        null,
        1,
        170,
        170,
        null,
        null,
        1,
        null,
        1,
        340,
        null,
        null,
        1,
        170,
        null,
        null,
        1,
        116,
        null,
        null,
        1,
        283,
        219,
        null,
        null,
        1,
        173,
        null,
        null,
        1,
        41,
        null,
        null,
        1,
        32,
        null,
        null,
        1,
        18,
        null,
        null
      ],
      "/home/alex/bookstore/spec/services/find_order_service_spec.rb": [
        null,
        null,
        1,
        1,
        1,
        null,
        null,
        1,
        1,
        1,
        null,
        null,
        1,
        1,
        null,
        null,
        1,
        1,
        1,
        null,
        null,
        1,
        5,
        5,
        5,
        5,
        null,
        1,
        1,
        null,
        null,
        1,
        1,
        null,
        null,
        1,
        1,
        null,
        null,
        1,
        1,
        null,
        null,
        null,
        1,
        3,
        3,
        3,
        null,
        1,
        1,
        null,
        null,
        1,
        1,
        null,
        null,
        null
      ],
      "/home/alex/bookstore/app/services/find_order_service.rb": [
        null,
        null,
        1,
        1,
        356,
        356,
        null,
        null,
        1,
        356,
        null,
        null,
        1,
        null,
        1,
        356,
        null,
        null,
        1,
        356,
        36,
        null,
        null,
        1,
        219,
        219,
        6,
        null,
        null
      ],
      "/home/alex/bookstore/spec/services/order_item_service_spec.rb": [
        null,
        null,
        1,
        15,
        null,
        1,
        9,
        9,
        9,
        null,
        1,
        1,
        null,
        null,
        1,
        1,
        null,
        null,
        1,
        1,
        null,
        null,
        1,
        3,
        null,
        1,
        1,
        null,
        null,
        1,
        1,
        null,
        null,
        null,
        1,
        4,
        4,
        4,
        null,
        1,
        1,
        null,
        null,
        1,
        1,
        null,
        null,
        1,
        1,
        null,
        null,
        null,
        null,
        1,
        4,
        4,
        4,
        4,
        null,
        1,
        1,
        null,
        null,
        1,
        1,
        1,
        null,
        null,
        1,
        1,
        1,
        4,
        null,
        null,
        null,
        null,
        1,
        4,
        4,
        4,
        null,
        1,
        1,
        null,
        null,
        1,
        1,
        null,
        null,
        1,
        1,
        3,
        3,
        3,
        3,
        null,
        1,
        null,
        null,
        1,
        null,
        null,
        null
      ],
      "/home/alex/bookstore/app/services/order_item_service.rb": [
        null,
        null,
        1,
        1,
        73,
        73,
        73,
        null,
        null,
        1,
        73,
        null,
        null,
        1,
        null,
        1,
        51,
        48,
        null,
        null,
        1,
        14,
        null,
        null,
        1,
        11,
        11,
        null,
        null,
        1,
        76,
        null,
        null,
        1,
        62,
        null,
        null,
        null,
        null,
        null,
        null,
        null
      ],
      "/home/alex/bookstore/spec/services/order_merger_service_spec.rb": [
        null,
        null,
        1,
        5,
        3,
        5,
        null,
        1,
        3,
        null,
        1,
        1,
        null,
        1,
        1,
        1,
        null,
        1,
        null,
        1,
        null,
        null,
        null,
        1,
        3,
        null,
        1,
        1,
        null,
        null,
        1,
        1,
        null,
        null,
        null
      ],
      "/home/alex/bookstore/app/services/order_merger_service.rb": [
        null,
        null,
        1,
        1,
        10,
        10,
        10,
        null,
        null,
        1,
        10,
        null,
        null,
        1,
        null,
        1,
        4,
        4,
        null,
        null,
        1,
        6,
        24,
        24,
        null,
        6,
        6,
        null,
        null,
        1,
        24,
        192,
        null,
        null,
        null
      ],
      "/home/alex/bookstore/spec/services/orders_filter_service_spec.rb": [
        null,
        null,
        1,
        10,
        10,
        1,
        9,
        72,
        72,
        null,
        null,
        null,
        1,
        4,
        4,
        null,
        null,
        null,
        1,
        5,
        5,
        null,
        null,
        null
      ],
      "/home/alex/bookstore/app/services/orders_filter_service.rb": [
        null,
        null,
        1,
        1,
        35,
        35,
        null,
        null,
        1,
        35,
        11,
        null,
        null,
        1,
        null,
        1,
        35,
        null,
        null,
        1,
        35,
        null,
        null
      ],
      "/home/alex/bookstore/spec/services/quik_register_service_spec.rb": [
        null,
        null,
        1,
        1,
        5,
        5,
        null,
        1,
        1,
        null,
        1,
        1,
        null,
        1,
        1,
        null,
        1,
        1,
        null,
        null,
        null,
        1,
        1,
        1,
        null,
        null,
        1,
        1,
        1,
        null,
        null
      ],
      "/home/alex/bookstore/app/services/quik_register_service.rb": [
        null,
        null,
        1,
        1,
        10,
        null,
        null,
        1,
        10,
        8,
        8,
        8,
        null,
        null,
        1,
        null,
        1,
        10,
        null,
        null,
        1,
        6,
        null,
        null
      ],
      "/home/alex/bookstore/app/decorators/paginating_decorator.rb": [
        null,
        null,
        1,
        1,
        null
      ],
      "/home/alex/bookstore/app/models/ability.rb": [
        null,
        null,
        1,
        1,
        null,
        1,
        288,
        288,
        186,
        9,
        9,
        9,
        9,
        null,
        186,
        186,
        null,
        null
      ]
    },
    "timestamp": 1550942802
  }
}
